C51 COMPILER V9.60.7.0   MAIN                                                              03/14/2024 13:34:10 PAGE 1   


C51 COMPILER V9.60.7.0, COMPILATION OF MODULE MAIN
OBJECT MODULE PLACED IN .\Objects\main.obj
COMPILER INVOKED BY: F:\keil5\C51\BIN\C51.EXE main.c OPTIMIZE(8,SPEED) BROWSE INCDIR(..\Driver) DEBUG OBJECTEXTEND PRINT
                    -(.\Listings\main.lst) TABS(2) OBJECT(.\Objects\main.obj)

line level    source

   1          #include "seg.h"
   2          #include "timer.h"
   3          #include "init.h"
   4          
   5          //Seg
   6          unsigned char pucSeg_Buf[10], pucSeg_Code[8], pucSeg_Pos;
   7          
   8          //Timer
   9          unsigned int uiSeg_Dly;
  10          unsigned long ulms = 0;
  11          
  12          //NE555
  13          unsigned int freq = 0;
  14          
  15          void Seg_Proc(void);
  16          
  17          void main()
  18          {
  19   1        Cls_Peripheral();
  20   1        Timer0_Init();
  21   1        Timer1_Init();
  22   1        EA = 1;
  23   1        
  24   1        while(1)
  25   1        {
  26   2          Seg_Proc();
  27   2        }
  28   1      }
  29          
  30          
  31          void Seg_Proc(void)
  32          {
  33   1        if(uiSeg_Dly < 200)
  34   1          return;
  35   1        
  36   1        uiSeg_Dly = 0;
  37   1        
  38   1        sprintf(pucSeg_Buf, "%5u", freq);
  39   1        Seg_Tran(pucSeg_Buf, pucSeg_Code);
  40   1      }
  41          
  42          
  43          void Timer_1(void) interrupt 3
  44          {
  45   1        uiSeg_Dly++;
  46   1        ulms++;
  47   1        if(ulms % 2 == 0)
  48   1        {
  49   2          pucSeg_Pos = (pucSeg_Pos + 1) % 8;
  50   2          Seg_Display(pucSeg_Code, pucSeg_Pos);
  51   2        }
  52   1        
  53   1        if(ulms % 1000 == 0)
  54   1        {
C51 COMPILER V9.60.7.0   MAIN                                                              03/14/2024 13:34:10 PAGE 2   

  55   2          freq = ((TH0 << 8) | TL0);
  56   2          TL0 = 0;
  57   2          TH0 = 0;
  58   2        }
  59   1      }


MODULE INFORMATION:   STATIC OVERLAYABLE
   CODE SIZE        =    246    ----
   CONSTANT SIZE    =      4    ----
   XDATA SIZE       =   ----    ----
   PDATA SIZE       =   ----    ----
   DATA SIZE        =     27    ----
   IDATA SIZE       =   ----    ----
   BIT SIZE         =   ----    ----
END OF MODULE INFORMATION.


C51 COMPILATION COMPLETE.  0 WARNING(S),  0 ERROR(S)
