C51 COMPILER V9.60.7.0   TIMER                                                             03/14/2024 13:29:25 PAGE 1   


C51 COMPILER V9.60.7.0, COMPILATION OF MODULE TIMER
OBJECT MODULE PLACED IN .\Objects\timer.obj
COMPILER INVOKED BY: F:\keil5\C51\BIN\C51.EXE ..\Driver\timer.c OPTIMIZE(8,SPEED) BROWSE INCDIR(..\Driver) DEBUG OBJECTE
                    -XTEND PRINT(.\Listings\timer.lst) TABS(2) OBJECT(.\Objects\timer.obj)

line level    source

   1          #include "timer.h"
   2          
   3          /*
   4          void Timer0_Init(void)    //1毫秒@12.000MHz
   5          {
   6            AUXR |= 0x80;     //定时器时钟1T模式
   7            TMOD &= 0xF0;     //设置定时器模式
   8            TL0 = 0x20;       //设置定时初始值
   9            TH0 = 0xD1;       //设置定时初始值
  10            TF0 = 0;        //清除TF0标志
  11            TR0 = 1;        //定时器0开始计时
  12            ET0 = 1;   //打开中断开关
  13          }
  14          */
  15          
  16          
  17          void Timer1_Init(void)    //1毫秒@12.000MHz
  18          {
  19   1        AUXR |= 0x40;     //定时器时钟1T模式
  20   1        TMOD &= 0x0F;     //设置定时器模式
  21   1        TL1 = 0x20;       //设置定时初始值
  22   1        TH1 = 0xD1;       //设置定时初始值
  23   1        TF1 = 0;        //清除TF1标志
  24   1        TR1 = 1;        //定时器1开始计时
  25   1        ET1 = 1;
  26   1      }
  27          
  28          void Timer0_Init(void)
  29          {
  30   1        TMOD &= 0xF0;
  31   1        TMOD |= 0x05;
  32   1        TL0 = 0;
  33   1        TH0 = 0;
  34   1        TR0 = 1;
  35   1      }
  36          
  37          
  38          /*
  39          void Timer1_Init(void)    //1毫秒@12.000MHz
  40          {
  41            AUXR |= 0x40;     //定时器时钟1T模式
  42            TMOD &= 0x0F;     //设置定时器模式
  43            TL1 = 0x20;       //设置定时初始值
  44            TH1 = 0xD1;       //设置定时初始值
  45            TF1 = 0;        //清除TF1标志
  46            TR1 = 1;        //定时器1开始计时
  47            ET1 = 1;
  48          }
  49          
  50          
  51          void Timer0_Init(void)    //12微秒@12.000MHz
  52          {
  53            AUXR &= 0x7F;     //定时器时钟12T模式
  54            TMOD &= 0xF0;     //设置定时器模式
C51 COMPILER V9.60.7.0   TIMER                                                             03/14/2024 13:29:25 PAGE 2   

  55            TL0 = 0xF4;       //设置定时初始值
  56            TH0 = 0xFF;       //设置定时初始值
  57            TF0 = 0;        //清除TF0标志
  58            TR0 = 0;        //定时器0开始不计时
  59          }
  60          */


MODULE INFORMATION:   STATIC OVERLAYABLE
   CODE SIZE        =     33    ----
   CONSTANT SIZE    =   ----    ----
   XDATA SIZE       =   ----    ----
   PDATA SIZE       =   ----    ----
   DATA SIZE        =   ----    ----
   IDATA SIZE       =   ----    ----
   BIT SIZE         =   ----    ----
END OF MODULE INFORMATION.


C51 COMPILATION COMPLETE.  0 WARNING(S),  0 ERROR(S)
