C51 COMPILER V9.60.7.0   KEY                                                               03/03/2024 20:09:50 PAGE 1   


C51 COMPILER V9.60.7.0, COMPILATION OF MODULE KEY
OBJECT MODULE PLACED IN .\Objects\key.obj
COMPILER INVOKED BY: F:\keil5\C51\BIN\C51.EXE key.c OPTIMIZE(8,SPEED) BROWSE INCDIR(..\Driver) DEBUG OBJECTEXTEND PRINT(
                    -.\Listings\key.lst) TABS(2) OBJECT(.\Objects\key.obj)

line level    source

   1          #include "key.h"
   2          
   3          
   4          unsigned char Key_Read_BTN(void)
   5          {
   6   1        if(P33 == 0)
   7   1          return 4;
   8   1        else if(P32 == 0)
   9   1          return 5;
  10   1        else if(P31 == 0)
  11   1          return 6;
  12   1        else if(P30 == 0)
  13   1          return 7;
  14   1        else
  15   1          return 0;
  16   1        
  17   1      }


MODULE INFORMATION:   STATIC OVERLAYABLE
   CODE SIZE        =     27    ----
   CONSTANT SIZE    =   ----    ----
   XDATA SIZE       =   ----    ----
   PDATA SIZE       =   ----    ----
   DATA SIZE        =   ----    ----
   IDATA SIZE       =   ----    ----
   BIT SIZE         =   ----    ----
END OF MODULE INFORMATION.


C51 COMPILATION COMPLETE.  0 WARNING(S),  0 ERROR(S)
