C51 COMPILER V9.60.7.0   MAIN                                                              03/03/2024 20:13:14 PAGE 1   


C51 COMPILER V9.60.7.0, COMPILATION OF MODULE MAIN
OBJECT MODULE PLACED IN .\Objects\main.obj
COMPILER INVOKED BY: F:\keil5\C51\BIN\C51.EXE main.c OPTIMIZE(8,SPEED) BROWSE INCDIR(..\Driver) DEBUG OBJECTEXTEND PRINT
                    -(.\Listings\main.lst) TABS(2) OBJECT(.\Objects\main.obj)

line level    source

   1          #include "STC15F2K60S2.H"
   2          #include "init.h"
   3          #include "seg.h"
   4          #include "key.h"
   5          
   6          
   7          //Seg
   8          unsigned char pucSeg_Buf[10], pucSeg_Code[8], pucSeg_Pos;
   9          
  10          //Key
  11          unsigned char ucKey_Val = 0;
  12          
  13          //Timer
  14          unsigned int uiSeg_Dly = 0;
  15          unsigned int uiKey_Dly = 0;
  16          unsigned long ulms = 0;
  17          
  18          void Seg_Proc(void);
  19          void Key_Proc(void);
  20          
  21          void main()
  22          {
  23   1        Cls_Peripheral();
  24   1        Timer0_Init();
*** WARNING C206 IN LINE 24 OF main.c: 'Timer0_Init': missing function-prototype
  25   1        EA = 1;
  26   1        
  27   1        while(1)
  28   1        {
  29   2          Key_Proc();
  30   2          Seg_Proc();
  31   2        }
  32   1      }
  33          
  34          
  35          void Seg_Proc(void)
  36          {
  37   1        if(uiSeg_Dly < 20)
  38   1          return;
  39   1        
  40   1        uiSeg_Dly = 0;
  41   1        
  42   1        sprintf(pucSeg_Buf, "%d", (int)ucKey_Val);
  43   1        Seg_Tran(pucSeg_Buf, pucSeg_Code);
  44   1      }
  45          
  46          
  47          void Key_Proc(void)
  48          {
  49   1        if(uiKey_Dly < 20)
  50   1          return;
  51   1        
  52   1        uiKey_Dly = 0;
  53   1        
C51 COMPILER V9.60.7.0   MAIN                                                              03/03/2024 20:13:14 PAGE 2   

  54   1        ucKey_Val = Key_Read_BTN();
  55   1      }
  56          
  57          
  58          void Timer_0(void) interrupt 1
  59          {
  60   1        uiSeg_Dly++;
  61   1        uiKey_Dly++;
  62   1        ulms++;
  63   1        if(ulms % 2 == 0)
  64   1        {
  65   2          pucSeg_Pos = (pucSeg_Pos + 1) % 8;
  66   2          Seg_Display(pucSeg_Code, pucSeg_Pos);
  67   2        }
  68   1      }


MODULE INFORMATION:   STATIC OVERLAYABLE
   CODE SIZE        =    222    ----
   CONSTANT SIZE    =      3    ----
   XDATA SIZE       =   ----    ----
   PDATA SIZE       =   ----    ----
   DATA SIZE        =     28    ----
   IDATA SIZE       =   ----    ----
   BIT SIZE         =   ----    ----
END OF MODULE INFORMATION.


C51 COMPILATION COMPLETE.  1 WARNING(S),  0 ERROR(S)
