C51 COMPILER V9.60.7.0   BUZZ_RELAY                                                        03/04/2024 19:59:36 PAGE 1   


C51 COMPILER V9.60.7.0, COMPILATION OF MODULE BUZZ_RELAY
OBJECT MODULE PLACED IN .\Objects\buzz_relay.obj
COMPILER INVOKED BY: F:\keil5\C51\BIN\C51.EXE ..\Driver\buzz_relay.c OPTIMIZE(8,SPEED) BROWSE INCDIR(..\Driver) DEBUG OB
                    -JECTEXTEND PRINT(.\Listings\buzz_relay.lst) TABS(2) OBJECT(.\Objects\buzz_relay.obj)

line level    source

   1          #include "buzz_relay.h"
   2          
   3          
   4          void Set_Peripheral(unsigned char Buzzer_Status, unsigned char Realy_Status)
   5          {
   6   1        unsigned char Peripheral_Val = 0x00;
   7   1        
   8   1        if(Buzzer_Status == 1)
   9   1        {
  10   2          Peripheral_Val |= 0x40; // 0100 0000
  11   2        }
  12   1        
  13   1        if(Realy_Status == 1)
  14   1        {
  15   2          Peripheral_Val |= 0x10; // 0001 0000
  16   2        }
  17   1        P0 = Peripheral_Val;
  18   1        P2 = P2 & 0x1f | 0xa0;
  19   1        P2 = P2 & 0x1f;
  20   1      }


MODULE INFORMATION:   STATIC OVERLAYABLE
   CODE SIZE        =     27    ----
   CONSTANT SIZE    =   ----    ----
   XDATA SIZE       =   ----    ----
   PDATA SIZE       =   ----    ----
   DATA SIZE        =   ----    ----
   IDATA SIZE       =   ----    ----
   BIT SIZE         =   ----    ----
END OF MODULE INFORMATION.


C51 COMPILATION COMPLETE.  0 WARNING(S),  0 ERROR(S)
