C51 COMPILER V9.60.7.0   MAIN                                                              03/04/2024 20:02:24 PAGE 1   


C51 COMPILER V9.60.7.0, COMPILATION OF MODULE MAIN
OBJECT MODULE PLACED IN .\Objects\main.obj
COMPILER INVOKED BY: F:\keil5\C51\BIN\C51.EXE main.c OPTIMIZE(8,SPEED) BROWSE INCDIR(..\Driver) DEBUG OBJECTEXTEND PRINT
                    -(.\Listings\main.lst) TABS(2) OBJECT(.\Objects\main.obj)

line level    source

   1          #include "buzz_relay.h"
   2          #inlcude "init.h"
*** WARNING C315 IN LINE 2 OF main.c: unknown #directive 'inlcude'
   3          
   4          
   5          void main()
   6          {
   7   1        Cls_Peripheral();
*** WARNING C206 IN LINE 7 OF main.c: 'Cls_Peripheral': missing function-prototype
   8   1        Set_Peripheral(0, 0);
   9   1        
  10   1        while(1)
  11   1        {
  12   2          ;
  13   2        }
  14   1      }


MODULE INFORMATION:   STATIC OVERLAYABLE
   CODE SIZE        =     11    ----
   CONSTANT SIZE    =   ----    ----
   XDATA SIZE       =   ----    ----
   PDATA SIZE       =   ----    ----
   DATA SIZE        =   ----    ----
   IDATA SIZE       =   ----    ----
   BIT SIZE         =   ----    ----
END OF MODULE INFORMATION.


C51 COMPILATION COMPLETE.  2 WARNING(S),  0 ERROR(S)
