C51 COMPILER V9.60.7.0   MAIN                                                              03/02/2024 21:08:23 PAGE 1   


C51 COMPILER V9.60.7.0, COMPILATION OF MODULE MAIN
OBJECT MODULE PLACED IN .\Objects\main.obj
COMPILER INVOKED BY: F:\keil5\C51\BIN\C51.EXE main.c OPTIMIZE(8,SPEED) BROWSE INCDIR(..\Driver) DEBUG OBJECTEXTEND PRINT
                    -(.\Listings\main.lst) TABS(2) OBJECT(.\Objects\main.obj)

line level    source

   1          #include "init.h"
   2          #include "led.h"
   3          #include "timer.h"
   4          
   5          
   6          //Timer
   7          unsigned long ulms = 0;
   8          unsigned int uiLED_Delay = 0;
   9          unsigned char ucLed = 0x00;
  10          
  11          void LED_Proc(void);
  12          
  13          
  14          void main()
  15          {
  16   1        Cls_Peripheral();
  17   1        Timer0_Init();
  18   1        EA = 1;
  19   1        while(1)
  20   1        {
  21   2          LED_Proc();
  22   2        }
  23   1      }
  24          
  25          void LED_Proc(void)
  26          {
  27   1        if(uiLED_Delay < 200)
  28   1            return;
  29   1        ucLed ^= 0x01;
  30   1        LED_Display(ucLed);
  31   1        uiLED_Delay = 0;
  32   1      }
  33          
  34          
  35          void Timer0(void) interrupt 1
  36          {
  37   1        ulms++;
  38   1        uiLED_Delay++;
  39   1      }


MODULE INFORMATION:   STATIC OVERLAYABLE
   CODE SIZE        =     76    ----
   CONSTANT SIZE    =   ----    ----
   XDATA SIZE       =   ----    ----
   PDATA SIZE       =   ----    ----
   DATA SIZE        =      7    ----
   IDATA SIZE       =   ----    ----
   BIT SIZE         =   ----    ----
END OF MODULE INFORMATION.


C51 COMPILATION COMPLETE.  0 WARNING(S),  0 ERROR(S)
