C51 COMPILER V9.60.7.0   MAIN                                                              03/03/2024 15:42:05 PAGE 1   


C51 COMPILER V9.60.7.0, COMPILATION OF MODULE MAIN
OBJECT MODULE PLACED IN .\Objects\main.obj
COMPILER INVOKED BY: F:\keil5\C51\BIN\C51.EXE main.c OPTIMIZE(8,SPEED) BROWSE INCDIR(..\Driver) DEBUG OBJECTEXTEND PRINT
                    -(.\Listings\main.lst) TABS(2) OBJECT(.\Objects\main.obj)

line level    source

   1          #include "seg.h"
   2          #include "timer.h"
   3          #include "init.h"
   4          #include "led.h"
   5          
   6          //Seg
   7          unsigned char pucSeg_Buf[10], pucSeg_Code[8], pucSeg_Pos;
   8          
   9          //Timer
  10          unsigned int uiSeg_Dly;
  11          unsigned long ulms = 0;
  12          
  13          void Seg_Proc(void);
  14          
  15          void main()
  16          {
  17   1        Cls_Peripheral();
  18   1        Timer0_Init();
  19   1        EA = 1;
  20   1        
  21   1        while(1)
  22   1        {
  23   2          Seg_Proc();
  24   2        }
  25   1      }
  26          
  27          
  28          void Seg_Proc(void)
  29          {
  30   1        if(uiSeg_Dly < 200)
  31   1          return;
  32   1        
  33   1        uiSeg_Dly = 0;
  34   1        
  35   1        sprintf(pucSeg_Buf, "1.23 567");
  36   1        Seg_Tran(pucSeg_Buf, pucSeg_Code);
  37   1      }
  38          
  39          
  40          void Timer_0(void) interrupt 1
  41          {
  42   1        uiSeg_Dly++;
  43   1        ulms++;
  44   1        if(ulms % 2 == 0)
  45   1        {
  46   2          pucSeg_Pos = (pucSeg_Pos + 1) % 8;
  47   2          Seg_Display(pucSeg_Code, pucSeg_Pos);
  48   2        }
  49   1      }
  50          


MODULE INFORMATION:   STATIC OVERLAYABLE
   CODE SIZE        =    184    ----
C51 COMPILER V9.60.7.0   MAIN                                                              03/03/2024 15:42:05 PAGE 2   

   CONSTANT SIZE    =      9    ----
   XDATA SIZE       =   ----    ----
   PDATA SIZE       =   ----    ----
   DATA SIZE        =     25    ----
   IDATA SIZE       =   ----    ----
   BIT SIZE         =   ----    ----
END OF MODULE INFORMATION.


C51 COMPILATION COMPLETE.  0 WARNING(S),  0 ERROR(S)
