C51 COMPILER V9.60.7.0   MAIN                                                              03/10/2024 12:59:39 PAGE 1   


C51 COMPILER V9.60.7.0, COMPILATION OF MODULE MAIN
OBJECT MODULE PLACED IN .\Objects\main.obj
COMPILER INVOKED BY: F:\keil5\C51\BIN\C51.EXE main.c OPTIMIZE(8,SPEED) BROWSE INCDIR(..\Driver) DEBUG OBJECTEXTEND PRINT
                    -(.\Listings\main.lst) TABS(2) OBJECT(.\Objects\main.obj)

line level    source

   1          #include "seg.h"
   2          #include "timer.h"
   3          #include "init.h"
   4          #include "led.h"
   5          #include "ultrasonic.h"
   6          
   7          //Seg
   8          unsigned char pucSeg_Buf[10], pucSeg_Code[8], pucSeg_Pos;
   9          
  10          //Ultrasonic
  11          unsigned char ucDist = 0;
  12          
  13          //Timer
  14          unsigned int uiSeg_Dly;
  15          unsigned long ulms = 0;
  16          unsigned int uiUltrasonic_Dly = 0;
  17          
  18          void Seg_Proc(void);
  19          void Ultrasonic_Proc(void);
  20          
  21          
  22          void main()
  23          {
  24   1        Cls_Peripheral();
  25   1        Timer0_Init();
  26   1        Timer1_Init();
  27   1        EA = 1;
  28   1        
  29   1        while(1)
  30   1        {
  31   2          Seg_Proc();
  32   2          Ultrasonic_Proc();
  33   2        }
  34   1      }
  35          
  36          
  37          void Seg_Proc(void)
  38          {
  39   1        if(uiSeg_Dly < 200)
  40   1          return;
  41   1        
  42   1        uiSeg_Dly = 0;
  43   1        
  44   1        sprintf(pucSeg_Buf, "%-3u", (unsigned int)ucDist);
  45   1        Seg_Tran(pucSeg_Buf, pucSeg_Code);
  46   1      }
  47          
  48          
  49          void Ultrasonic_Proc(void)
  50          {
  51   1        if(uiUltrasonic_Dly < 500)
  52   1          return;
  53   1        
  54   1        uiUltrasonic_Dly = 0;
C51 COMPILER V9.60.7.0   MAIN                                                              03/10/2024 12:59:39 PAGE 2   

  55   1        ucDist = Wave_Recv();
  56   1      }
  57          
  58          void Timer_1(void) interrupt 3
  59          {
  60   1        uiSeg_Dly++;
  61   1        ulms++;
  62   1        uiUltrasonic_Dly++;
  63   1        if(ulms % 2 == 0)
  64   1        {
  65   2          pucSeg_Pos = (pucSeg_Pos + 1) % 8;
  66   2          Seg_Display(pucSeg_Code, pucSeg_Pos);
  67   2        }
  68   1      }
  69          


MODULE INFORMATION:   STATIC OVERLAYABLE
   CODE SIZE        =    225    ----
   CONSTANT SIZE    =      5    ----
   XDATA SIZE       =   ----    ----
   PDATA SIZE       =   ----    ----
   DATA SIZE        =     28    ----
   IDATA SIZE       =   ----    ----
   BIT SIZE         =   ----    ----
END OF MODULE INFORMATION.


C51 COMPILATION COMPLETE.  0 WARNING(S),  0 ERROR(S)
