C51 COMPILER V9.60.7.0   ULTRASONIC                                                        03/10/2024 13:02:58 PAGE 1   


C51 COMPILER V9.60.7.0, COMPILATION OF MODULE ULTRASONIC
OBJECT MODULE PLACED IN .\Objects\ultrasonic.obj
COMPILER INVOKED BY: F:\keil5\C51\BIN\C51.EXE ..\Driver\ultrasonic.c OPTIMIZE(8,SPEED) BROWSE INCDIR(..\Driver) DEBUG OB
                    -JECTEXTEND PRINT(.\Listings\ultrasonic.lst) TABS(2) OBJECT(.\Objects\ultrasonic.obj)

line level    source

   1          #include "ultrasonic.h"
   2          
   3          unsigned char Wave_Recv(void)
   4          {
   5   1        unsigned char ucNum = 10;
   6   1        
   7   1        Tx = 0;
   8   1        TL0 = 0xF4;
   9   1        TH0 = 0xFF;
  10   1        TR0 = 1;
  11   1        
  12   1        while(ucNum--)
  13   1        {
  14   2          while(TF0 == 0)
  15   2          Tx ^= 1;
  16   2          TF0 = 0;
  17   2        }
  18   1        
  19   1        TR0 = 0;
  20   1        TL0 = 0;
  21   1        TH0 = 0;
  22   1        TR0 = 1;
  23   1        
  24   1        while(Rx && !TF0);
  25   1        TR0 = 0;
  26   1        
  27   1        if(TF0)
  28   1          return 255;
  29   1        else
  30   1          return ((TH0 << 8) | TL0) * 0.017;
  31   1      }


MODULE INFORMATION:   STATIC OVERLAYABLE
   CODE SIZE        =     80    ----
   CONSTANT SIZE    =   ----    ----
   XDATA SIZE       =   ----    ----
   PDATA SIZE       =   ----    ----
   DATA SIZE        =   ----    ----
   IDATA SIZE       =   ----    ----
   BIT SIZE         =   ----    ----
END OF MODULE INFORMATION.


C51 COMPILATION COMPLETE.  0 WARNING(S),  0 ERROR(S)
