C51 COMPILER V9.60.7.0   INIT                                                              03/09/2024 23:19:43 PAGE 1   


C51 COMPILER V9.60.7.0, COMPILATION OF MODULE INIT
OBJECT MODULE PLACED IN .\Objects\init.obj
COMPILER INVOKED BY: F:\keil5\C51\BIN\C51.EXE ..\Driver\init.c OPTIMIZE(8,SPEED) BROWSE INCDIR(..\Driver) DEBUG OBJECTEX
                    -TEND PRINT(.\Listings\init.lst) TABS(2) OBJECT(.\Objects\init.obj)

line level    source

   1          #include "init.h"
   2          
   3          
   4          void Cls_Peripheral(void)
   5          {
   6   1        //LED_init
   7   1        P0 = 0xff;
   8   1        P2 = P2 & 0x1f | 0x80;  
   9   1        P2 = P2 & 0x1f;
  10   1        
  11   1        //BUZZER_init
  12   1        P0 = 0x00;
  13   1        P2 = P2 & 0x1f | 0xa0;
  14   1        P2 = P2 & 0x1f;
  15   1      }


MODULE INFORMATION:   STATIC OVERLAYABLE
   CODE SIZE        =     29    ----
   CONSTANT SIZE    =   ----    ----
   XDATA SIZE       =   ----    ----
   PDATA SIZE       =   ----    ----
   DATA SIZE        =   ----    ----
   IDATA SIZE       =   ----    ----
   BIT SIZE         =   ----    ----
END OF MODULE INFORMATION.


C51 COMPILATION COMPLETE.  0 WARNING(S),  0 ERROR(S)
