C51 COMPILER V9.60.7.0   MAIN                                                              03/10/2024 11:40:57 PAGE 1   


C51 COMPILER V9.60.7.0, COMPILATION OF MODULE MAIN
OBJECT MODULE PLACED IN .\Objects\main.obj
COMPILER INVOKED BY: F:\keil5\C51\BIN\C51.EXE main.c OPTIMIZE(8,SPEED) BROWSE INCDIR(..\Driver) DEBUG OBJECTEXTEND PRINT
                    -(.\Listings\main.lst) TABS(2) OBJECT(.\Objects\main.obj)

line level    source

   1          #include "seg.h"
   2          #include "timer.h"
   3          #include "init.h"
   4          #include "led.h"
   5          #include "iic.h"
   6          
   7          //Seg
   8          unsigned char pucSeg_Buf[10], pucSeg_Code[8], pucSeg_Pos;
   9          
  10          //Timer
  11          unsigned int uiSeg_Dly;
  12          unsigned long ulms = 0;
  13          
  14          //EEPROM
  15          unsigned char pucBufWrite[3] = {13, 20};
  16          unsigned char pucBufRead[3] = {0};
  17          
  18          void Seg_Proc(void);
  19          
  20          void main()
  21          {
  22   1        Cls_Peripheral();
  23   1        Timer0_Init();
  24   1        EA = 1;
  25   1        
  26   1        //EEPROM_Write(pucBufWrite, 0x00, 2);
  27   1        EEPROM_Read(pucBufRead, 0x00, 2);
  28   1        
  29   1        while(1)
  30   1        {
  31   2          Seg_Proc();
  32   2        }
  33   1      }
  34          
  35          
  36          void Seg_Proc(void)
  37          {
  38   1        if(uiSeg_Dly < 200)
  39   1          return;
  40   1        
  41   1        uiSeg_Dly = 0;
  42   1        
  43   1        sprintf(pucSeg_Buf, "%d %d", (unsigned int)pucBufRead[0], (unsigned int)pucBufRead[1]);
  44   1        Seg_Tran(pucSeg_Buf, pucSeg_Code);
  45   1      }
  46          
  47          
  48          void Timer_0(void) interrupt 1
  49          {
  50   1        uiSeg_Dly++;
  51   1        ulms++;
  52   1        if(ulms % 2 == 0)
  53   1        {
  54   2          pucSeg_Pos = (pucSeg_Pos + 1) % 8;
C51 COMPILER V9.60.7.0   MAIN                                                              03/10/2024 11:40:57 PAGE 2   

  55   2          Seg_Display(pucSeg_Code, pucSeg_Pos);
  56   2        }
  57   1      }
  58          


MODULE INFORMATION:   STATIC OVERLAYABLE
   CODE SIZE        =    208    ----
   CONSTANT SIZE    =      6    ----
   XDATA SIZE       =   ----    ----
   PDATA SIZE       =   ----    ----
   DATA SIZE        =     31    ----
   IDATA SIZE       =   ----    ----
   BIT SIZE         =   ----    ----
END OF MODULE INFORMATION.


C51 COMPILATION COMPLETE.  0 WARNING(S),  0 ERROR(S)
