C51 COMPILER V9.60.7.0   MAIN                                                              03/07/2024 20:08:14 PAGE 1   


C51 COMPILER V9.60.7.0, COMPILATION OF MODULE MAIN
OBJECT MODULE PLACED IN .\Objects\main.obj
COMPILER INVOKED BY: F:\keil5\C51\BIN\C51.EXE main.c OPTIMIZE(8,SPEED) BROWSE INCDIR(..\Driver) DEBUG OBJECTEXTEND PRINT
                    -(.\Listings\main.lst) TABS(2) OBJECT(.\Objects\main.obj)

line level    source

   1          #include "seg.h"
   2          #include "timer.h"
   3          #include "init.h"
   4          #include "onewire.h"
   5          
   6          
   7          //Seg
   8          unsigned char pucSeg_Buf[10], pucSeg_Code[8], pucSeg_Pos;
   9          
  10          //Timer
  11          unsigned int uiSeg_Dly;
  12          unsigned long ulms = 0;
  13          
  14          //Temper
  15          unsigned int ui_temp = 0;
  16          
  17          void Seg_Proc(void);
  18          
  19          void main()
  20          {
  21   1        Cls_Peripheral();
  22   1        Timer0_Init();
  23   1        EA = 1;
  24   1        
  25   1        while(1)
  26   1        {
  27   2          Seg_Proc();
  28   2        }
  29   1      }
  30          
  31          
  32          void Seg_Proc(void)
  33          {
  34   1        if(uiSeg_Dly < 200)
  35   1          return;
  36   1        
  37   1        uiSeg_Dly = 0;
  38   1        
  39   1        ui_temp = rd_temperature();
  40   1        sprintf(pucSeg_Buf, "%.2f", ui_temp / 16.0);
  41   1        Seg_Tran(pucSeg_Buf, pucSeg_Code);
  42   1      }
  43          
  44          
  45          void Timer_0(void) interrupt 1
  46          {
  47   1        uiSeg_Dly++;
  48   1        ulms++;
  49   1        if(ulms % 2 == 0)
  50   1        {
  51   2          pucSeg_Pos = (pucSeg_Pos + 1) % 8;
  52   2          Seg_Display(pucSeg_Code, pucSeg_Pos);
  53   2        }
  54   1      }
C51 COMPILER V9.60.7.0   MAIN                                                              03/07/2024 20:08:14 PAGE 2   

  55          


MODULE INFORMATION:   STATIC OVERLAYABLE
   CODE SIZE        =    218    ----
   CONSTANT SIZE    =      5    ----
   XDATA SIZE       =   ----    ----
   PDATA SIZE       =   ----    ----
   DATA SIZE        =     27    ----
   IDATA SIZE       =   ----    ----
   BIT SIZE         =   ----    ----
END OF MODULE INFORMATION.


C51 COMPILATION COMPLETE.  0 WARNING(S),  0 ERROR(S)
