C51 COMPILER V9.60.7.0   DS1302                                                            03/05/2024 16:48:17 PAGE 1   


C51 COMPILER V9.60.7.0, COMPILATION OF MODULE DS1302
OBJECT MODULE PLACED IN .\Objects\ds1302.obj
COMPILER INVOKED BY: F:\keil5\C51\BIN\C51.EXE ..\Driver\ds1302.c OPTIMIZE(8,SPEED) BROWSE INCDIR(..\Driver) DEBUG OBJECT
                    -EXTEND PRINT(.\Listings\ds1302.lst) TABS(2) OBJECT(.\Objects\ds1302.obj)

line level    source

   1          /*  #   DS1302ä»£ç ç‰‡æ®µè¯´æ˜
   2            1.  æœ¬æ–‡ä»¶å¤¹ä¸­æä¾›çš„é©±åŠ¨ä»£ç ä¾›å‚èµ›é€‰æ‰‹å®Œæˆç¨‹åºè®¾è®¡å‚è€ƒã€‚
   3            2.  å‚èµ›é€‰æ‰‹å¯ä»¥è‡ªè¡Œç¼–å†™ç›¸å…³ä»£ç æˆ–ä»¥è¯¥ä»£ç ä¸ºåŸºç¡€ï¼Œæ ¹æ®æ‰€é€‰å•ç‰‡æœºç±»å‹ã€è¿
             -è¡Œé€Ÿåº¦å’Œè¯•é¢˜
   4              ä¸­å¯¹å•ç‰‡æœºæ—¶é’Ÿé¢‘ç‡çš„è¦æ±‚ï¼Œè¿›è¡Œä»£ç è°ƒè¯•å’Œä¿®æ”¹ã€‚
   5          */                
   6          
   7          //
   8          
   9          #include "ds1302.h"
  10          
  11          void Write_Ds1302(unsigned  char temp) 
  12          {
  13   1        unsigned char i;
  14   1        for (i=0;i<8;i++)       
  15   1        { 
  16   2          SCK = 0;
  17   2          SDA = temp&0x01;
  18   2          temp>>=1; 
  19   2          SCK=1;
  20   2        }
  21   1      }   
  22          
  23          //
  24          void Write_Ds1302_Byte( unsigned char address,unsigned char dat )     
  25          {
  26   1        RST=0;  _nop_();
  27   1        SCK=0;  _nop_();
  28   1        RST=1;  _nop_();  
  29   1        Write_Ds1302(address);  
  30   1        Write_Ds1302(dat);    
  31   1        RST=0; 
  32   1      }
  33          
  34          //
  35          unsigned char Read_Ds1302_Byte ( unsigned char address )
  36          {
  37   1        unsigned char i,temp=0x00;
  38   1        RST=0;  _nop_();
  39   1        SCK=0;  _nop_();
  40   1        RST=1;  _nop_();
  41   1        Write_Ds1302(address);
  42   1        for (i=0;i<8;i++)   
  43   1        {   
  44   2          SCK=0;
  45   2          temp>>=1; 
  46   2          if(SDA)
  47   2          temp|=0x80; 
  48   2          SCK=1;
  49   2        } 
  50   1        RST=0;  _nop_();
  51   1        SCK=0;  _nop_();
  52   1        SCK=1;  _nop_();
  53   1        SDA=0;  _nop_();
C51 COMPILER V9.60.7.0   DS1302                                                            03/05/2024 16:48:17 PAGE 2   

  54   1        SDA=1;  _nop_();
  55   1        return (temp);      
  56   1      }
  57          
  58          
  59          void Set_RTC(unsigned char *pucRTC)
  60          {
  61   1        unsigned char temp = 0;
  62   1        Write_Ds1302_Byte(0x8e, 0x00);
  63   1        
  64   1        temp = ((pucRTC[0] / 10) << 4) | (pucRTC[0] % 10);
  65   1        Write_Ds1302_Byte(0x84, temp);
  66   1        
  67   1        temp = ((pucRTC[1] / 10) << 4) | (pucRTC[1] % 10);
  68   1        Write_Ds1302_Byte(0x82, temp);
  69   1        
  70   1        temp = ((pucRTC[2] / 10) << 4) | (pucRTC[2] % 10);
  71   1        Write_Ds1302_Byte(0x80, temp);
  72   1        
  73   1        Write_Ds1302_Byte(0x8e, 0x00);
  74   1      }
  75          
  76          
  77          
  78          void Get_RTC(unsigned char *pucRTC)
  79          {
  80   1        unsigned char temp = 0;
  81   1        temp = Read_Ds1302_Byte(0x85);
  82   1        pucRTC[0] = (temp >> 4 ) * 10 + (temp & 0x0f);
  83   1        
  84   1        temp = Read_Ds1302_Byte(0x83);
  85   1        pucRTC[1] = (temp >> 4 ) * 10 + (temp & 0x0f);
  86   1        
  87   1        temp = Read_Ds1302_Byte(0x81);
  88   1        pucRTC[2] = (temp >> 4 ) * 10 + (temp & 0x0f);
  89   1      }


MODULE INFORMATION:   STATIC OVERLAYABLE
   CODE SIZE        =    250    ----
   CONSTANT SIZE    =   ----    ----
   XDATA SIZE       =   ----    ----
   PDATA SIZE       =   ----    ----
   DATA SIZE        =   ----    ----
   IDATA SIZE       =   ----    ----
   BIT SIZE         =   ----    ----
END OF MODULE INFORMATION.


C51 COMPILATION COMPLETE.  0 WARNING(S),  0 ERROR(S)
