C51 COMPILER V9.60.7.0   MAIN                                                              03/05/2024 16:46:46 PAGE 1   


C51 COMPILER V9.60.7.0, COMPILATION OF MODULE MAIN
OBJECT MODULE PLACED IN .\Objects\main.obj
COMPILER INVOKED BY: F:\keil5\C51\BIN\C51.EXE main.c OPTIMIZE(8,SPEED) BROWSE INCDIR(..\Driver) DEBUG OBJECTEXTEND PRINT
                    -(.\Listings\main.lst) TABS(2) OBJECT(.\Objects\main.obj)

line level    source

   1          #include "seg.h"
   2          #include "timer.h"
   3          #include "init.h"
   4          #include "led.h"
   5          #include "ds1302.h"
   6          
   7          //Seg
   8          unsigned char pucSeg_Buf[10], pucSeg_Code[8], pucSeg_Pos;
   9          
  10          //RTC
  11          unsigned char pucRTC[3] = {23, 59, 50};
  12          
  13          //Timer
  14          unsigned int uiSeg_Dly;
  15          unsigned int uiRTC_Dly;
  16          unsigned long ulms = 0;
  17          
  18          void Seg_Proc(void);
  19          void RTC_Proc(void);
  20          
  21          
  22          void main()
  23          {
  24   1        Cls_Peripheral();
  25   1        Timer0_Init();
  26   1        EA = 1;
  27   1        Set_RTC(pucRTC);
  28   1        
  29   1        while(1)
  30   1        {
  31   2          Seg_Proc();
  32   2          RTC_Proc();
  33   2        }
  34   1      }
  35          
  36          
  37          void Seg_Proc(void)
  38          {
  39   1        if(uiSeg_Dly < 200)
  40   1          return;
  41   1        
  42   1        uiSeg_Dly = 0;
  43   1        
  44   1        sprintf(pucSeg_Buf, "%02d %02d %02d", (unsigned int)pucRTC[0], (unsigned int)pucRTC[1], (unsigned int)puc
             -RTC[2]);
  45   1        Seg_Tran(pucSeg_Buf, pucSeg_Code);
  46   1      }
  47          
  48          
  49          void RTC_Proc(void)
  50          {
  51   1        if(uiSeg_Dly < 200)
  52   1          return;
  53   1        
C51 COMPILER V9.60.7.0   MAIN                                                              03/05/2024 16:46:46 PAGE 2   

  54   1        uiRTC_Dly = 0;
  55   1        
  56   1        Get_RTC(pucRTC);
  57   1      }
  58          
  59          
  60          void Timer_0(void) interrupt 1
  61          {
  62   1        uiSeg_Dly++;
  63   1        uiRTC_Dly++;
  64   1        ulms++;
  65   1        if(ulms % 2 == 0)
  66   1        {
  67   2          pucSeg_Pos = (pucSeg_Pos + 1) % 8;
  68   2          Seg_Display(pucSeg_Code, pucSeg_Pos);
  69   2        }
  70   1      }
  71          


MODULE INFORMATION:   STATIC OVERLAYABLE
   CODE SIZE        =    244    ----
   CONSTANT SIZE    =     15    ----
   XDATA SIZE       =   ----    ----
   PDATA SIZE       =   ----    ----
   DATA SIZE        =     30    ----
   IDATA SIZE       =   ----    ----
   BIT SIZE         =   ----    ----
END OF MODULE INFORMATION.


C51 COMPILATION COMPLETE.  0 WARNING(S),  0 ERROR(S)
