C51 COMPILER V9.60.7.0   TIMER                                                             03/03/2024 21:28:05 PAGE 1   


C51 COMPILER V9.60.7.0, COMPILATION OF MODULE TIMER
OBJECT MODULE PLACED IN .\Objects\timer.obj
COMPILER INVOKED BY: F:\keil5\C51\BIN\C51.EXE ..\Driver\timer.c OPTIMIZE(8,SPEED) BROWSE INCDIR(..\Driver) DEBUG OBJECTE
                    -XTEND PRINT(.\Listings\timer.lst) TABS(2) OBJECT(.\Objects\timer.obj)

line level    source

   1          #include "timer.h"
   2          
   3          void Timer0_Init(void)    //1毫秒@12.000MHz
   4          {
   5   1        AUXR |= 0x80;     //定时器时钟1T模式
   6   1        TMOD &= 0xF0;     //设置定时器模式
   7   1        TL0 = 0x20;       //设置定时初始值
   8   1        TH0 = 0xD1;       //设置定时初始值
   9   1        TF0 = 0;        //清除TF0标志
  10   1        TR0 = 1;        //定时器0开始计时
  11   1        ET0 = 1;   //打开中断开关
  12   1      }
  13          
  14          


MODULE INFORMATION:   STATIC OVERLAYABLE
   CODE SIZE        =     19    ----
   CONSTANT SIZE    =   ----    ----
   XDATA SIZE       =   ----    ----
   PDATA SIZE       =   ----    ----
   DATA SIZE        =   ----    ----
   IDATA SIZE       =   ----    ----
   BIT SIZE         =   ----    ----
END OF MODULE INFORMATION.


C51 COMPILATION COMPLETE.  0 WARNING(S),  0 ERROR(S)
